\BOOKMARK [1][-]{section.2}{Introdução}{}% 1
\BOOKMARK [1][-]{section.3}{Definição da Demanda}{}% 2
\BOOKMARK [2][-]{subsection.4}{Problema/Oportunidade Percebida}{section.3}% 3
\BOOKMARK [2][-]{subsection.5}{Razão/Justificativa da Demanda}{section.3}% 4
\BOOKMARK [2][-]{subsection.6}{Descrição do Produto de Software}{section.3}% 5
\BOOKMARK [2][-]{subsection.7}{Clientes, Usuários e Demais Grupos de Interesse}{section.3}% 6
\BOOKMARK [2][-]{subsection.8}{Etapas de Desenvolvimento}{section.3}% 7
\BOOKMARK [2][-]{subsection.9}{Critérios de Qualidade}{section.3}% 8
\BOOKMARK [1][-]{section.10}{Requisitos do Produto}{}% 9
\BOOKMARK [2][-]{subsection.11}{Requisitos Funcionais}{section.10}% 10
\BOOKMARK [2][-]{subsection.13}{Requisitos Não-Funcionais}{section.10}% 11
\BOOKMARK [2][-]{subsection.15}{Categorias de Barreiras Detectáveis}{section.10}% 12
\BOOKMARK [1][-]{section.19}{Wireframes}{}% 13
\BOOKMARK [2][-]{subsection.20}{Página Principal}{section.19}% 14
\BOOKMARK [2][-]{subsection.23}{Área do Cliente \(Login/Cadastro\)}{section.19}% 15
\BOOKMARK [2][-]{subsection.26}{Selecionar Local}{section.19}% 16
\BOOKMARK [2][-]{subsection.29}{Reportar Problema – Tipo}{section.19}% 17
\BOOKMARK [2][-]{subsection.32}{Reportar Problema – Descrição}{section.19}% 18
\BOOKMARK [2][-]{subsection.35}{Dashboard – Visão Geral}{section.19}% 19
\BOOKMARK [2][-]{subsection.38}{Dashboard – Meus Reports}{section.19}% 20
\BOOKMARK [2][-]{subsection.41}{Dashboard – Todos os Reports}{section.19}% 21
\BOOKMARK [1][-]{section.44}{Modelagem ``Leve do Sistema''}{}% 22
\BOOKMARK [2][-]{subsection.45}{UML - Casos de Uso}{section.44}% 23
\BOOKMARK [3][-]{subsubsection.48}{Especificações dos Casos de Uso}{subsection.45}% 24
\BOOKMARK [2][-]{subsection.65}{UML - Diagrama de Classe de Domínio}{section.44}% 25
\BOOKMARK [2][-]{subsection.68}{UML - Diagrama de Sequência}{section.44}% 26
\BOOKMARK [3][-]{subsubsection.69}{5.4.1 – US01: Reportar Problema}{subsection.68}% 27
\BOOKMARK [3][-]{subsubsection.72}{5.4.2 – US02: Consultar Mapa}{subsection.68}% 28
\BOOKMARK [3][-]{subsubsection.75}{5.4.3 – US03: Atualizar Status de Problema}{subsection.68}% 29
\BOOKMARK [1][-]{section.78}{Descrição da Arquitetura e Ferramentas Utilizadas}{}% 30
\BOOKMARK [2][-]{subsection.79}{Stack Tecnológico}{section.78}% 31
\BOOKMARK [2][-]{subsection.80}{Padrões e Princípios}{section.78}% 32
\BOOKMARK [1][-]{section.81}{Plano de Desenvolvimento}{}% 33
\BOOKMARK [2][-]{subsection.82}{Cronograma Detalhado \(16 semanas\)}{section.81}% 34
\BOOKMARK [2][-]{subsection.83}{Métricas de Sucesso}{section.81}% 35
\BOOKMARK [1][-]{section.84}{Resultados}{}% 36
\BOOKMARK [1][-]{section.85}{Conclusão e Trabalhos Futuros}{}% 37
\BOOKMARK [2][-]{subsection.86}{Conclusão Preliminar}{section.85}% 38
\BOOKMARK [2][-]{subsection.87}{Próximos Passos}{section.85}% 39
\BOOKMARK [2][-]{subsection.93}{Trabalhos Futuros}{section.85}% 40
